
All plugins with a version specified are using the latest versions.


Plugins require minimum Maven version of: 3.0.4
Note: the super-pom from Maven 3.3.9 defines some of the plugin
      versions and may be influencing the plugins required minimum Maven
      version.

> Project does not define required minimum version of Maven.
> Update the pom.xml to contain
>     <prerequisites>
>       <maven>3.0.4</maven>
>     </prerequisites>

Require Maven 2.0.2 to use the following plugin updates:
  maven-javadoc-plugin ............................................ 2.2
  maven-site-plugin ........................................ 2.0-beta-7

Require Maven 2.0.6 to use the following plugin updates:
  maven-clean-plugin .............................................. 2.5
  maven-deploy-plugin ........................................... 2.8.1
  maven-install-plugin .......................................... 2.5.1
  maven-jar-plugin ................................................ 2.4
  maven-jarsigner-plugin .......................................... 1.2
  maven-javadoc-plugin ............................................ 2.3
  maven-resources-plugin .......................................... 2.6
  maven-site-plugin ............................................. 2.0.1
  maven-source-plugin ........................................... 2.1.2
  maven-surefire-plugin ......................................... 2.4.3

Require Maven 2.0.8 to use the following plugin updates:
  maven-javadoc-plugin ............................................ 2.4

Require Maven 2.0.9 to use the following plugin updates:
  maven-compiler-plugin ........................................... 3.1
  maven-javadoc-plugin .......................................... 2.8.1
  maven-source-plugin ........................................... 2.2.1
  maven-surefire-plugin .......................................... 2.17

Require Maven 2.1.0 to use the following plugin updates:
  maven-jarsigner-plugin ........................................ 1.3.2
  maven-site-plugin ............................................. 2.1.1

Require Maven 2.2.0 to use the following plugin updates:
  maven-site-plugin ............................................... 3.0

Require Maven 2.2.1 to use the following plugin updates:
  maven-clean-plugin ............................................ 2.6.1
  maven-compiler-plugin ........................................... 3.3
  maven-deploy-plugin ........................................... 2.8.2
  maven-install-plugin .......................................... 2.5.2
  maven-jar-plugin ................................................ 2.6
  maven-jarsigner-plugin .......................................... 1.4
  maven-javadoc-plugin ......................................... 2.10.3
  maven-resources-plugin .......................................... 2.7
  maven-site-plugin ............................................... 3.4
  maven-source-plugin ............................................. 2.4
  maven-surefire-plugin ........................................ 2.19.1
  org.codehaus.mojo:versions-maven-plugin ......................... 2.2

Require Maven 3.0 to use the following plugin updates:
  maven-clean-plugin ............................................ 3.0.0
  maven-compiler-plugin ......................................... 3.5.1
  maven-jar-plugin .............................................. 3.0.2
  maven-javadoc-plugin ......................................... 2.10.4
  maven-resources-plugin ........................................ 3.0.1
  maven-site-plugin ............................................. 3.5.1
  maven-source-plugin ........................................... 3.0.1
  org.codehaus.mojo:versions-maven-plugin ......................... 2.3
  org.sonatype.plugins:nexus-staging-maven-plugin ............... 1.4.7

Require Maven 3.0.4 to use the following plugin updates:
  org.sonatype.plugins:nexus-staging-maven-plugin ............... 1.6.7

The following dependencies in Dependencies are using the newest version:
  com.fasterxml.woodstox:woodstox-core ........................... 5.0.3
  com.sun.jersey:jersey-client .................................. 1.19.2
  com.sun.jersey:jersey-json .................................... 1.19.2
  com.sun.jersey.contribs:jersey-multipart ...................... 1.19.2
  commons-configuration:commons-configuration ..................... 1.10
  javax:javaee-web-api ............................................. 7.0
  org.apache.commons:commons-io .................................. 1.3.2
  org.apache.httpcomponents:httpclient ........................... 4.5.2
  org.apache.httpcomponents:httpcore ............................. 4.4.5
  org.codehaus.jackson:jackson-core-asl ......................... 1.9.13
  org.codehaus.jackson:jackson-jaxrs ............................ 1.9.13
  org.codehaus.jackson:jackson-mapper-asl ....................... 1.9.13
  org.codehaus.jackson:jackson-xc ............................... 1.9.13
  org.codehaus.woodstox:stax2-api ................................ 4.0.0
  org.hamcrest:hamcrest-all ........................................ 1.3

The following dependencies in Dependencies have newer versions:
  com.fasterxml.jackson.core:jackson-annotations ........ 2.8.3 -> 2.8.4
  com.fasterxml.jackson.core:jackson-core ............... 2.8.3 -> 2.8.4
  com.fasterxml.jackson.core:jackson-databind ........... 2.8.3 -> 2.8.4
  com.fasterxml.jackson.dataformat:jackson-dataformat-xml ...
                                                          2.8.3 -> 2.8.4
  com.fasterxml.jackson.module:jackson-module-jaxb-annotations ...
                                                          2.8.3 -> 2.8.4
  commons-beanutils:commons-beanutils ................... 1.9.2 -> 1.9.3
  eu.bitwalker:UserAgentUtils ............................. 1.19 -> 1.20
  javax.servlet:javax.servlet-api ................... 3.1.0 -> 4.0.0-b01
  joda-time:joda-time ..................................... 2.7 -> 2.9.4
  junit:junit ............................................. 4.11 -> 4.12
  net.sourceforge.htmlcleaner:htmlcleaner ................. 2.16 -> 2.17
  org.apache.commons:commons-lang3 ........................ 3.3.2 -> 3.5
  org.apache.poi:poi ...................................... 3.12 -> 3.15
  org.apache.poi:poi-ooxml ................................ 3.12 -> 3.15
  org.jsoup:jsoup ....................................... 1.9.1 -> 1.9.2
  org.projectlombok:lombok ........................... 1.14.4 -> 1.16.10
  org.springframework:spring-aop ............. 4.2.5.RELEASE -> 5.0.0.M2
  org.springframework:spring-beans ........... 4.2.5.RELEASE -> 5.0.0.M2
  org.springframework:spring-context ......... 4.2.5.RELEASE -> 5.0.0.M2
  org.springframework:spring-context-support ...
                                               4.2.5.RELEASE -> 5.0.0.M2
  org.springframework:spring-core ............ 4.2.5.RELEASE -> 5.0.0.M2
  org.springframework:spring-expression ...... 4.2.5.RELEASE -> 5.0.0.M2
  org.springframework:spring-orm ............. 4.2.5.RELEASE -> 5.0.0.M2
  org.springframework:spring-web ............. 4.2.5.RELEASE -> 5.0.0.M2
  org.springframework:spring-webmvc .......... 4.2.5.RELEASE -> 5.0.0.M2

